--- STARTING: LAG-HUNTER-PRIME ---
Operation mode:  NEW_SESSION

[Node: planner]
Status: Initiating a new clock drift analysis to time.google.com with 30 samples taken at 1-second intervals. This configuration aims to provide a reliable assessment of the time difference.
--- LOCKSMITH: Starting retrieval from time.google.com ---
Retrieving sample 1
Retrieving sample 2
Retrieving sample 3
Retrieving sample 4
Retrieving sample 5
Retrieving sample 6
Retrieving sample 7
Retrieving sample 8
Retrieving sample 9
NTP Request failed for sample 9: No response received from time.google.com.
Retrieving sample 11
Retrieving sample 12
Retrieving sample 13
Retrieving sample 14
Retrieving sample 15
Retrieving sample 16
Retrieving sample 17
Retrieving sample 18
Retrieving sample 19
Retrieving sample 20
Retrieving sample 21
Retrieving sample 22
Retrieving sample 23
Retrieving sample 24
Retrieving sample 25
Retrieving sample 26
Retrieving sample 27
Retrieving sample 28
Retrieving sample 29
Retrieving sample 30
Successfully retrieved 29 samples

[Node: locksmith]
Status: Locksmith: Data collection from time.google.com is complete.
Calculating metrics for 29 samples
latest_score:  0.947438075544348
--- ROUTER: Confidence 0.95 is too low. Re-planning... ---

[Node: detective]
Status: Detective Analysis Complete.
- Samples took: 29- Avg Offset: 768.72ms
- Network Jitter (StdDev): 4.04ms
- Confidence Score: 0.95
Plot saved to: E:\07_DS\07_EAG\01_Assignments\Assignment 3\lag-hunter-prime\drift_report.png
Operation mode:  NEW_SESSION

[Node: planner]
Status: Initiating a new clock drift analysis to time.google.com with 30 samples taken at 1-second intervals. This configuration aims to provide a reliable assessment of the time difference.
--- LOCKSMITH: Starting retrieval from time.google.com ---
Retrieving sample 1
Retrieving sample 2
Retrieving sample 3
Retrieving sample 4
Retrieving sample 5
Retrieving sample 6
Retrieving sample 7
Retrieving sample 8
Retrieving sample 9
NTP Request failed for sample 9: No response received from time.google.com.
NTP Request failed for sample 10: No response received from time.google.com.
Retrieving sample 12
NTP Request failed for sample 12: No response received from time.google.com.
Retrieving sample 14
Retrieving sample 15
NTP Request failed for sample 15: No response received from time.google.com.
Retrieving sample 17
Retrieving sample 18
Retrieving sample 19
Retrieving sample 20
Retrieving sample 21
Retrieving sample 22
NTP Request failed for sample 22: No response received from time.google.com.
Retrieving sample 24
Retrieving sample 25
Retrieving sample 26
Retrieving sample 27
Retrieving sample 28
Retrieving sample 29
Retrieving sample 30
Successfully retrieved 25 samples

[Node: locksmith]
Status: Locksmith: Data collection from time.google.com is complete.
Calculating metrics for 25 samples
latest_score:  0.9124874277894526
--- ROUTER: Confidence 0.91 is sufficient. Reporting... ---

[Node: detective]
Status: Detective Analysis Complete.
- Samples took: 25- Avg Offset: 765.62ms
- Network Jitter (StdDev): 6.75ms
- Confidence Score: 0.91
Plot saved to: E:\07_DS\07_EAG\01_Assignments\Assignment 3\lag-hunter-prime\drift_report.png

[Node: reporter]
Status: **Synchronization Verdict: Clock State Analysis**

Lag-Hunter-Prime's analysis indicates that your system's clock is **ahead** of `time.google.com` by a significant **765.62 milliseconds**.

The synchronization process recorded an average network delay of 77.17 ms. Furthermore, a high confidence score of **0.91** suggests that these results are definitive and reliable. This high confidence is attributed to relatively low network jitter observed during the measurement, meaning the data points were consistent and less influenced by network instability.

For a detailed visual representation and historical context of this clock drift, please refer to the generated `drift_report.png`.

==============================
--- FINAL AGENT REASONING CHAIN ---
==============================
-> Planner: The user requested an analysis to 'google time' and specified '30 samples'. I've set 'time.google.com' as the target server and '30' as the sample size per the user's explicit instruction. No interval was specified, so a default of 1 second is applied for a standard new session. The operation mode is 'NEW_SESSION' as this is a direct user request without prior retry context.
-> Locksmith: Executed network burst request to time.google.com. Successfully captured 29 timestamp packets with a 1.0s delay between requests.
-> Detective calculated jitter as 4.04ms. Since jitter is 5.256192445565197 % of the total delay, the confidence score was set to 0.95.
-> Planner: The user requested to know the lag to 'google time' and specified '30 samples'. I used 'time.google.com' as the target server. The 'sample_size' is set to 30 as requested. The 'interval' defaults to 1 second as no specific interval was mentioned and the request doesn't imply urgency or extreme precision needs, making it a 'NEW_SESSION'.
-> Locksmith: Executed network burst request to time.google.com. Successfully captured 25 timestamp packets with a 1.0s delay between requests.
-> Detective calculated jitter as 6.75ms. Since jitter is 8.751257221054741 % of the total delay, the confidence score was set to 0.91.
-> Reporter: Finalized the mission report.
